Total number of .java files: 5990
Number of .java files in the "files_with_bugs_3_1_0.json": 14
Number of .java files with bug in the filtered_dataset: 13
Missing .java files in the filtered_dataset:
    MetaStoreServerUtils.java

Number of combined rows for current and previous versions without duplicates
Initial number of metric columns: 54
Initial number of rows: 16304
Total number of bugs: 1500

Initial variable columns: 54

Drop all NaN columns
Remaining columns (54):
    AvgCountLine
    AvgCountLineBlank
    AvgCountLineCode
    AvgCountLineComment
    AvgCyclomatic
    AvgCyclomaticModified
    AvgCyclomaticStrict
    AvgEssential
    CountClassBase
    CountClassCoupled
    CountClassDerived
    CountDeclClass
    CountDeclClassMethod
    CountDeclClassVariable
    CountDeclFunction
    CountDeclInstanceMethod
    CountDeclInstanceVariable
    CountDeclMethod
    CountDeclMethodDefault
    CountDeclMethodPrivate
    CountDeclMethodProtected
    CountDeclMethodPublic
    CountLine
    CountLineBlank
    CountLineCode
    CountLineCodeDecl
    CountLineCodeExe
    CountLineComment
    CountSemicolon
    CountStmt
    CountStmtDecl
    CountStmtExe
    MaxCyclomatic
    MaxCyclomaticModified
    MaxCyclomaticStrict
    MaxInheritanceTree
    PercentLackOfCohesion
    RatioCommentToCode
    SumCyclomatic
    SumCyclomaticModified
    SumCyclomaticStrict
    SumEssential
    CountInputMin
    CountInputMean
    CountInputMax
    CountOutputMin
    CountOutputMean
    CountOutputMax
    CountPathMin-divided-by-1,000
    CountPathMean-divided-by-1,000,000
    CountPathMax-divided-by-1,000,000
    MaxNestingMin
    MaxNestingMean
    MaxNestingMax
Dropped all NaN columns (0):

Columns with missing values:
    AvgCountLine: 0
    AvgCountLineBlank: 0
    AvgCountLineCode: 0
    AvgCountLineComment: 0
    AvgCyclomatic: 0
    AvgCyclomaticModified: 0
    AvgCyclomaticStrict: 0
    AvgEssential: 0
    CountClassBase: 9
    CountClassCoupled: 9
    CountClassDerived: 9
    CountDeclClass: 0
    CountDeclClassMethod: 0
    CountDeclClassVariable: 0
    CountDeclFunction: 0
    CountDeclInstanceMethod: 0
    CountDeclInstanceVariable: 0
    CountDeclMethod: 0
    CountDeclMethodDefault: 0
    CountDeclMethodPrivate: 0
    CountDeclMethodProtected: 0
    CountDeclMethodPublic: 0
    CountLine: 0
    CountLineBlank: 0
    CountLineCode: 0
    CountLineCodeDecl: 0
    CountLineCodeExe: 0
    CountLineComment: 0
    CountSemicolon: 0
    CountStmt: 0
    CountStmtDecl: 0
    CountStmtExe: 0
    MaxCyclomatic: 0
    MaxCyclomaticModified: 0
    MaxCyclomaticStrict: 0
    MaxInheritanceTree: 9
    PercentLackOfCohesion: 9
    RatioCommentToCode: 0
    SumCyclomatic: 0
    SumCyclomaticModified: 0
    SumCyclomaticStrict: 0
    SumEssential: 0
    CountInputMin: 9
    CountInputMean: 9
    CountInputMax: 9
    CountOutputMin: 9
    CountOutputMean: 9
    CountOutputMax: 9
    CountPathMin-divided-by-1,000: 9
    CountPathMean-divided-by-1,000,000: 9
    CountPathMax-divided-by-1,000,000: 9
    MaxNestingMin: 9
    MaxNestingMean: 9
    MaxNestingMax: 9
Total rows with missing values removed: 9
Total rows remaining: 16295

Correlated columns to be dropped:
    AvgCountLineCode, correlated to: ['AvgCountLine']
    AvgCyclomaticStrict, correlated to: ['AvgCyclomatic']
    CountDeclClassVariable, correlated to: ['CountDeclClass']
    CountDeclFunction, correlated to: ['CountDeclClass', 'CountDeclClassVariable']
    CountDeclInstanceMethod, correlated to: ['CountDeclClass', 'CountDeclClassVariable', 'CountDeclFunction']
    CountDeclInstanceVariable, correlated to: ['CountDeclClass', 'CountDeclClassVariable', 'CountDeclFunction', 'CountDeclInstanceMethod']
    CountDeclMethod, correlated to: ['CountDeclClass', 'CountDeclClassVariable', 'CountDeclFunction', 'CountDeclInstanceMethod', 'CountDeclInstanceVariable']
    CountDeclMethodProtected, correlated to: ['CountDeclClassMethod', 'CountDeclClassVariable', 'CountDeclFunction', 'CountDeclInstanceMethod', 'CountDeclMethod']
    CountDeclMethodPublic, correlated to: ['CountDeclClass', 'CountDeclClassVariable', 'CountDeclFunction', 'CountDeclInstanceMethod', 'CountDeclInstanceVariable', 'CountDeclMethod', 'CountDeclMethodProtected']
    CountLine, correlated to: ['CountDeclClass', 'CountDeclClassVariable', 'CountDeclFunction', 'CountDeclInstanceMethod', 'CountDeclInstanceVariable', 'CountDeclMethod', 'CountDeclMethodProtected', 'CountDeclMethodPublic']
    CountLineBlank, correlated to: ['CountDeclClass', 'CountDeclClassVariable', 'CountDeclFunction', 'CountDeclInstanceMethod', 'CountDeclInstanceVariable', 'CountDeclMethod', 'CountDeclMethodPublic', 'CountLine']
    CountLineCode, correlated to: ['CountDeclClass', 'CountDeclClassVariable', 'CountDeclFunction', 'CountDeclInstanceMethod', 'CountDeclInstanceVariable', 'CountDeclMethod', 'CountDeclMethodProtected', 'CountDeclMethodPublic', 'CountLine', 'CountLineBlank']
    CountLineCodeDecl, correlated to: ['CountDeclClass', 'CountDeclClassMethod', 'CountDeclClassVariable', 'CountDeclFunction', 'CountDeclInstanceMethod', 'CountDeclInstanceVariable', 'CountDeclMethod', 'CountDeclMethodPrivate', 'CountDeclMethodProtected', 'CountDeclMethodPublic', 'CountLine', 'CountLineBlank', 'CountLineCode']
    CountLineCodeExe, correlated to: ['CountDeclClass', 'CountDeclClassVariable', 'CountDeclFunction', 'CountDeclInstanceMethod', 'CountDeclInstanceVariable', 'CountDeclMethod', 'CountDeclMethodProtected', 'CountDeclMethodPublic', 'CountLine', 'CountLineBlank', 'CountLineCode', 'CountLineCodeDecl']
    CountLineComment, correlated to: ['CountDeclClassMethod', 'CountDeclMethodPrivate']
    CountSemicolon, correlated to: ['CountDeclClass', 'CountDeclClassVariable', 'CountDeclFunction', 'CountDeclInstanceMethod', 'CountDeclInstanceVariable', 'CountDeclMethod', 'CountDeclMethodProtected', 'CountDeclMethodPublic', 'CountLine', 'CountLineBlank', 'CountLineCode', 'CountLineCodeDecl', 'CountLineCodeExe']
    CountStmt, correlated to: ['CountDeclClass', 'CountDeclClassVariable', 'CountDeclFunction', 'CountDeclInstanceMethod', 'CountDeclInstanceVariable', 'CountDeclMethod', 'CountDeclMethodProtected', 'CountDeclMethodPublic', 'CountLine', 'CountLineBlank', 'CountLineCode', 'CountLineCodeDecl', 'CountLineCodeExe', 'CountSemicolon']
    CountStmtDecl, correlated to: ['CountDeclClass', 'CountDeclClassVariable', 'CountDeclFunction', 'CountDeclInstanceMethod', 'CountDeclInstanceVariable', 'CountDeclMethod', 'CountDeclMethodProtected', 'CountDeclMethodPublic', 'CountLine', 'CountLineBlank', 'CountLineCode', 'CountLineCodeDecl', 'CountLineCodeExe', 'CountSemicolon', 'CountStmt']
    CountStmtExe, correlated to: ['CountDeclClass', 'CountDeclClassVariable', 'CountDeclFunction', 'CountDeclInstanceMethod', 'CountDeclInstanceVariable', 'CountDeclMethod', 'CountDeclMethodProtected', 'CountDeclMethodPublic', 'CountLine', 'CountLineBlank', 'CountLineCode', 'CountLineCodeDecl', 'CountLineCodeExe', 'CountSemicolon', 'CountStmt', 'CountStmtDecl']
    MaxCyclomaticModified, correlated to: ['MaxCyclomatic']
    MaxCyclomaticStrict, correlated to: ['MaxCyclomatic', 'MaxCyclomaticModified']
    SumCyclomatic, correlated to: ['CountDeclClass', 'CountDeclClassVariable', 'CountDeclFunction', 'CountDeclInstanceMethod', 'CountDeclInstanceVariable', 'CountDeclMethod', 'CountDeclMethodProtected', 'CountDeclMethodPublic', 'CountLine', 'CountLineBlank', 'CountLineCode', 'CountLineCodeDecl', 'CountLineCodeExe', 'CountSemicolon', 'CountStmt', 'CountStmtDecl', 'CountStmtExe']
    SumCyclomaticModified, correlated to: ['CountDeclClass', 'CountDeclClassVariable', 'CountDeclFunction', 'CountDeclInstanceMethod', 'CountDeclInstanceVariable', 'CountDeclMethod', 'CountDeclMethodProtected', 'CountDeclMethodPublic', 'CountLine', 'CountLineBlank', 'CountLineCode', 'CountLineCodeDecl', 'CountLineCodeExe', 'CountSemicolon', 'CountStmt', 'CountStmtDecl', 'CountStmtExe', 'SumCyclomatic']
    SumCyclomaticStrict, correlated to: ['CountDeclClass', 'CountDeclClassVariable', 'CountDeclFunction', 'CountDeclInstanceMethod', 'CountDeclInstanceVariable', 'CountDeclMethod', 'CountDeclMethodProtected', 'CountDeclMethodPublic', 'CountLine', 'CountLineBlank', 'CountLineCode', 'CountLineCodeDecl', 'CountLineCodeExe', 'CountSemicolon', 'CountStmt', 'CountStmtDecl', 'CountStmtExe', 'SumCyclomatic', 'SumCyclomaticModified']
    SumEssential, correlated to: ['CountDeclClass', 'CountDeclClassVariable', 'CountDeclFunction', 'CountDeclInstanceMethod', 'CountDeclInstanceVariable', 'CountDeclMethod', 'CountDeclMethodProtected', 'CountDeclMethodPublic', 'CountLine', 'CountLineBlank', 'CountLineCode', 'CountLineCodeDecl', 'CountLineCodeExe', 'CountSemicolon', 'CountStmt', 'CountStmtDecl', 'CountStmtExe', 'SumCyclomatic', 'SumCyclomaticModified', 'SumCyclomaticStrict']

Remove outliers:
    Initial number of rows in the filtered_dataset: 16295
    Initial number of .java files with bug in the filtered_dataset: 1500
    IQR_method n argument: 20
    Total number of outliers is: 0
    Final number of rows in the filtered_dataset: 16295
    Final number of .java files with bug in the filtered_dataset: 1500

Drop same value columns after outliers removal
Initial columns: 29
Remaining columns (29):
    AvgCountLine
    AvgCountLineBlank
    AvgCountLineComment
    AvgCyclomatic
    AvgCyclomaticModified
    AvgEssential
    CountClassBase
    CountClassCoupled
    CountClassDerived
    CountDeclClass
    CountDeclClassMethod
    CountDeclMethodDefault
    CountDeclMethodPrivate
    MaxCyclomatic
    MaxInheritanceTree
    PercentLackOfCohesion
    RatioCommentToCode
    CountInputMin
    CountInputMean
    CountInputMax
    CountOutputMin
    CountOutputMean
    CountOutputMax
    CountPathMin-divided-by-1,000
    CountPathMean-divided-by-1,000,000
    CountPathMax-divided-by-1,000,000
    MaxNestingMin
    MaxNestingMean
    MaxNestingMax
Dropped same value columns (0):

Variables range:
    AvgCountLine: 0.0 - 355.0
    AvgCountLineBlank: 0.0 - 67.0
    AvgCountLineComment: 0.0 - 38.0
    AvgCyclomatic: 0.0 - 36.0
    AvgCyclomaticModified: 0.0 - 21.0
    AvgEssential: 0.0 - 13.0
    CountClassBase: 0.0 - 5.0
    CountClassCoupled: 0.0 - 149.0
    CountClassDerived: 0.0 - 37.0
    CountDeclClass: 1.0 - 3321.0
    CountDeclClassMethod: 0.0 - 1244.0
    CountDeclMethodDefault: 0.0 - 473.0
    CountDeclMethodPrivate: 0.0 - 830.0
    MaxCyclomatic: 0.0 - 145.0
    MaxInheritanceTree: 0.0 - 8.0
    PercentLackOfCohesion: 0.0 - 100.0
    RatioCommentToCode: 0.0 - 9.7
    CountInputMin: 0.0 - 41.0
    CountInputMean: 0.0 - 58.0
    CountInputMax: 0.0 - 435.0
    CountOutputMin: 0.0 - 73.0
    CountOutputMean: 0.0 - 76.0
    CountOutputMax: 0.0 - 209.0
    CountPathMin-divided-by-1,000: 0.0 - 1363.0
    CountPathMean-divided-by-1,000,000: 0.0 - 200.0
    CountPathMax-divided-by-1,000,000: 0.0 - 1000.0
    MaxNestingMin: 0.0 - 7.0
    MaxNestingMean: 0.0 - 7.0
    MaxNestingMax: 0.0 - 11.0

logistic_regression_clf best params: {'C': 1.0, 'class_weight': None, 'dual': False, 'fit_intercept': True, 'intercept_scaling': 1, 'l1_ratio': None, 'max_iter': 100, 'multi_class': 'deprecated', 'n_jobs': None, 'penalty': None, 'random_state': None, 'solver': 'lbfgs', 'tol': 0.0001, 'verbose': 0, 'warm_start': False}
logistic_regression_clf coefficients: [-2.22657663e-02  5.49207783e-02  1.09642313e-01 -1.16037631e-03
 -4.72988374e-02 -2.16369990e-01 -4.81928764e-01  6.29590767e-03
  1.58136928e-02 -6.47376053e-03  3.56494903e-05  6.32708185e-03
  2.62444696e-03  2.30064468e-02 -6.07372132e-01  3.46243473e-04
 -7.60535573e-01  3.96727487e-02 -4.51036982e-02  1.65207768e-03
 -3.26900358e-02  1.87806440e-02  1.25394739e-02  4.08750011e-03
  1.21607378e-02 -8.35267930e-04  9.81143705e-02  1.32941769e-01
  3.74582137e-02]
logistic_regression_clf intercept_: -0.5298386587870589
Logistic Regression Cross Validation Precision scores are: [0.5        1.         0.6        0.6        0.33333333 0.28571429
 0.75       0.41666667 0.75       0.6       ]
Logistic Regression Average Cross Validation Precision score: 0.5835714285714285
Logistic Regression Cross Validation Precision standard deviation: 0.21494153024962837
Logistic Regression classifier performance:
precision: [0.91133005 0.58823529]
recall: [0.99842591 0.02262443]
fscore: [0.95289194 0.04357298]
support: [4447  442]

Logistic Regression AUC: 0.7077009056896357

random_forest_clf best params: {'bootstrap': True, 'ccp_alpha': 0.0, 'class_weight': None, 'criterion': 'gini', 'max_depth': 8, 'max_features': 'log2', 'max_leaf_nodes': None, 'max_samples': None, 'min_impurity_decrease': 0.0, 'min_samples_leaf': 2, 'min_samples_split': 2, 'min_weight_fraction_leaf': 0.0, 'monotonic_cst': None, 'n_estimators': 200, 'n_jobs': None, 'oob_score': False, 'random_state': 0, 'verbose': 0, 'warm_start': False}
Randon Forest Cross Validation Precision scores are: [0.625      0.66666667 0.44444444 0.66666667 0.6        0.375
 0.7        0.55555556 0.77777778 1.        ]
Randon Forest Average Cross Validation Precision score: 0.6411111111111111
Randon Forest Cross Validation Precision standard deviation: 0.173530475100922
Random Forest classifier performance:
precision: [0.91393865 0.75      ]
recall: [0.99820103 0.05429864]
fscore: [0.95421324 0.10126582]
support: [4447  442]

Random Forest AUC: 0.792727976662288

