VERSION: 2_3_0

Total number of .java files: 5038
Number of .java files in the "files_with_bugs_2_3_0.json": 50
Number of .java files with bug in the filtered_dataset: 48
Missing .java files in the filtered_dataset:
    LongColModuloLongColumn.java
    CachedStore.java
    DagJsonParser.java

Number of combined rows for current and previous versions without duplicates
Initial number of metric columns: 54
Initial number of rows: 5038
Total number of bugs: 48

Initial variable columns: 54

Drop all NaN columns
Remaining columns (54):
    AvgCountLine
    AvgCountLineBlank
    AvgCountLineCode
    AvgCountLineComment
    AvgCyclomatic
    AvgCyclomaticModified
    AvgCyclomaticStrict
    AvgEssential
    CountClassBase
    CountClassCoupled
    CountClassDerived
    CountDeclClass
    CountDeclClassMethod
    CountDeclClassVariable
    CountDeclFunction
    CountDeclInstanceMethod
    CountDeclInstanceVariable
    CountDeclMethod
    CountDeclMethodDefault
    CountDeclMethodPrivate
    CountDeclMethodProtected
    CountDeclMethodPublic
    CountLine
    CountLineBlank
    CountLineCode
    CountLineCodeDecl
    CountLineCodeExe
    CountLineComment
    CountSemicolon
    CountStmt
    CountStmtDecl
    CountStmtExe
    MaxCyclomatic
    MaxCyclomaticModified
    MaxCyclomaticStrict
    MaxInheritanceTree
    PercentLackOfCohesion
    RatioCommentToCode
    SumCyclomatic
    SumCyclomaticModified
    SumCyclomaticStrict
    SumEssential
    CountInputMin
    CountInputMean
    CountInputMax
    CountOutputMin
    CountOutputMean
    CountOutputMax
    CountPathMin
    CountPathMean-divided-by-100,000
    CountPathMax-divided-by-1,000,000
    MaxNestingMin
    MaxNestingMean
    MaxNestingMax
Dropped all NaN columns (0):

Columns with missing values:
    AvgCountLine: 0
    AvgCountLineBlank: 0
    AvgCountLineCode: 0
    AvgCountLineComment: 0
    AvgCyclomatic: 0
    AvgCyclomaticModified: 0
    AvgCyclomaticStrict: 0
    AvgEssential: 0
    CountClassBase: 14
    CountClassCoupled: 14
    CountClassDerived: 14
    CountDeclClass: 0
    CountDeclClassMethod: 0
    CountDeclClassVariable: 0
    CountDeclFunction: 0
    CountDeclInstanceMethod: 0
    CountDeclInstanceVariable: 0
    CountDeclMethod: 0
    CountDeclMethodDefault: 0
    CountDeclMethodPrivate: 0
    CountDeclMethodProtected: 0
    CountDeclMethodPublic: 0
    CountLine: 0
    CountLineBlank: 0
    CountLineCode: 0
    CountLineCodeDecl: 0
    CountLineCodeExe: 0
    CountLineComment: 0
    CountSemicolon: 0
    CountStmt: 0
    CountStmtDecl: 0
    CountStmtExe: 0
    MaxCyclomatic: 0
    MaxCyclomaticModified: 0
    MaxCyclomaticStrict: 0
    MaxInheritanceTree: 14
    PercentLackOfCohesion: 14
    RatioCommentToCode: 0
    SumCyclomatic: 0
    SumCyclomaticModified: 0
    SumCyclomaticStrict: 0
    SumEssential: 0
    CountInputMin: 14
    CountInputMean: 14
    CountInputMax: 14
    CountOutputMin: 14
    CountOutputMean: 14
    CountOutputMax: 14
    CountPathMin: 14
    CountPathMean-divided-by-100,000: 14
    CountPathMax-divided-by-1,000,000: 14
    MaxNestingMin: 14
    MaxNestingMean: 14
    MaxNestingMax: 14
Total rows with missing values removed: 14
Total rows remaining: 5024

Correlated columns to be dropped:
    AvgCountLineBlank, correlated to: ['AvgCountLine']
    AvgCountLineCode, correlated to: ['AvgCountLine', 'AvgCountLineBlank']
    AvgCyclomatic, correlated to: ['AvgCountLineCode']
    AvgCyclomaticModified, correlated to: ['AvgCountLineCode', 'AvgCyclomatic']
    AvgCyclomaticStrict, correlated to: ['AvgCountLineCode', 'AvgCyclomatic', 'AvgCyclomaticModified']
    CountDeclClassMethod, correlated to: ['CountDeclClass']
    CountDeclClassVariable, correlated to: ['CountDeclClass', 'CountDeclClassMethod']
    CountDeclFunction, correlated to: ['CountDeclClass', 'CountDeclClassMethod', 'CountDeclClassVariable']
    CountDeclInstanceMethod, correlated to: ['CountDeclClass', 'CountDeclClassMethod', 'CountDeclClassVariable', 'CountDeclFunction']
    CountDeclInstanceVariable, correlated to: ['CountDeclClass', 'CountDeclClassMethod', 'CountDeclClassVariable', 'CountDeclFunction', 'CountDeclInstanceMethod']
    CountDeclMethod, correlated to: ['CountDeclClass', 'CountDeclClassMethod', 'CountDeclClassVariable', 'CountDeclFunction', 'CountDeclInstanceMethod', 'CountDeclInstanceVariable']
    CountDeclMethodDefault, correlated to: ['CountDeclClassMethod']
    CountDeclMethodPrivate, correlated to: ['CountDeclClass', 'CountDeclClassMethod', 'CountDeclClassVariable', 'CountDeclFunction', 'CountDeclInstanceMethod', 'CountDeclInstanceVariable', 'CountDeclMethod', 'CountDeclMethodDefault']
    CountDeclMethodProtected, correlated to: ['CountDeclClass', 'CountDeclClassMethod', 'CountDeclClassVariable', 'CountDeclFunction', 'CountDeclInstanceMethod', 'CountDeclInstanceVariable', 'CountDeclMethod', 'CountDeclMethodDefault', 'CountDeclMethodPrivate']
    CountDeclMethodPublic, correlated to: ['CountDeclClass', 'CountDeclClassMethod', 'CountDeclClassVariable', 'CountDeclFunction', 'CountDeclInstanceMethod', 'CountDeclInstanceVariable', 'CountDeclMethod', 'CountDeclMethodPrivate', 'CountDeclMethodProtected']
    CountLine, correlated to: ['CountDeclClass', 'CountDeclClassMethod', 'CountDeclClassVariable', 'CountDeclFunction', 'CountDeclInstanceMethod', 'CountDeclInstanceVariable', 'CountDeclMethod', 'CountDeclMethodPrivate', 'CountDeclMethodProtected', 'CountDeclMethodPublic']
    CountLineBlank, correlated to: ['CountDeclClass', 'CountDeclClassMethod', 'CountDeclClassVariable', 'CountDeclFunction', 'CountDeclInstanceMethod', 'CountDeclInstanceVariable', 'CountDeclMethod', 'CountDeclMethodPrivate', 'CountDeclMethodProtected', 'CountDeclMethodPublic', 'CountLine']
    CountLineCode, correlated to: ['CountDeclClass', 'CountDeclClassMethod', 'CountDeclClassVariable', 'CountDeclFunction', 'CountDeclInstanceMethod', 'CountDeclInstanceVariable', 'CountDeclMethod', 'CountDeclMethodPrivate', 'CountDeclMethodProtected', 'CountDeclMethodPublic', 'CountLine', 'CountLineBlank']
    CountLineCodeDecl, correlated to: ['CountDeclClass', 'CountDeclClassMethod', 'CountDeclClassVariable', 'CountDeclFunction', 'CountDeclInstanceMethod', 'CountDeclInstanceVariable', 'CountDeclMethod', 'CountDeclMethodPrivate', 'CountDeclMethodProtected', 'CountDeclMethodPublic', 'CountLine', 'CountLineBlank', 'CountLineCode']
    CountLineCodeExe, correlated to: ['CountDeclClass', 'CountDeclClassMethod', 'CountDeclClassVariable', 'CountDeclFunction', 'CountDeclInstanceMethod', 'CountDeclInstanceVariable', 'CountDeclMethod', 'CountDeclMethodPrivate', 'CountDeclMethodProtected', 'CountDeclMethodPublic', 'CountLine', 'CountLineBlank', 'CountLineCode', 'CountLineCodeDecl']
    CountLineComment, correlated to: ['CountDeclClass', 'CountDeclClassMethod', 'CountDeclClassVariable', 'CountDeclFunction', 'CountDeclInstanceMethod', 'CountDeclInstanceVariable', 'CountDeclMethod', 'CountDeclMethodDefault', 'CountDeclMethodPrivate', 'CountDeclMethodProtected', 'CountDeclMethodPublic', 'CountLine', 'CountLineBlank', 'CountLineCode', 'CountLineCodeDecl', 'CountLineCodeExe']
    CountSemicolon, correlated to: ['CountDeclClass', 'CountDeclClassMethod', 'CountDeclClassVariable', 'CountDeclFunction', 'CountDeclInstanceMethod', 'CountDeclInstanceVariable', 'CountDeclMethod', 'CountDeclMethodPrivate', 'CountDeclMethodProtected', 'CountDeclMethodPublic', 'CountLine', 'CountLineBlank', 'CountLineCode', 'CountLineCodeDecl', 'CountLineCodeExe', 'CountLineComment']
    CountStmt, correlated to: ['CountDeclClass', 'CountDeclClassMethod', 'CountDeclClassVariable', 'CountDeclFunction', 'CountDeclInstanceMethod', 'CountDeclInstanceVariable', 'CountDeclMethod', 'CountDeclMethodPrivate', 'CountDeclMethodProtected', 'CountDeclMethodPublic', 'CountLine', 'CountLineBlank', 'CountLineCode', 'CountLineCodeDecl', 'CountLineCodeExe', 'CountLineComment', 'CountSemicolon']
    CountStmtDecl, correlated to: ['CountDeclClass', 'CountDeclClassMethod', 'CountDeclClassVariable', 'CountDeclFunction', 'CountDeclInstanceMethod', 'CountDeclInstanceVariable', 'CountDeclMethod', 'CountDeclMethodPrivate', 'CountDeclMethodProtected', 'CountDeclMethodPublic', 'CountLine', 'CountLineBlank', 'CountLineCode', 'CountLineCodeDecl', 'CountLineCodeExe', 'CountLineComment', 'CountSemicolon', 'CountStmt']
    CountStmtExe, correlated to: ['CountDeclClass', 'CountDeclClassMethod', 'CountDeclClassVariable', 'CountDeclFunction', 'CountDeclInstanceMethod', 'CountDeclInstanceVariable', 'CountDeclMethod', 'CountDeclMethodPrivate', 'CountDeclMethodProtected', 'CountDeclMethodPublic', 'CountLine', 'CountLineBlank', 'CountLineCode', 'CountLineCodeDecl', 'CountLineCodeExe', 'CountLineComment', 'CountSemicolon', 'CountStmt', 'CountStmtDecl']
    MaxCyclomaticModified, correlated to: ['MaxCyclomatic']
    MaxCyclomaticStrict, correlated to: ['MaxCyclomatic', 'MaxCyclomaticModified']
    SumCyclomatic, correlated to: ['CountDeclClass', 'CountDeclClassMethod', 'CountDeclClassVariable', 'CountDeclFunction', 'CountDeclInstanceMethod', 'CountDeclInstanceVariable', 'CountDeclMethod', 'CountDeclMethodPrivate', 'CountDeclMethodProtected', 'CountDeclMethodPublic', 'CountLine', 'CountLineBlank', 'CountLineCode', 'CountLineCodeDecl', 'CountLineCodeExe', 'CountLineComment', 'CountSemicolon', 'CountStmt', 'CountStmtDecl', 'CountStmtExe']
    SumCyclomaticModified, correlated to: ['CountDeclClass', 'CountDeclClassMethod', 'CountDeclClassVariable', 'CountDeclFunction', 'CountDeclInstanceMethod', 'CountDeclInstanceVariable', 'CountDeclMethod', 'CountDeclMethodPrivate', 'CountDeclMethodProtected', 'CountDeclMethodPublic', 'CountLine', 'CountLineBlank', 'CountLineCode', 'CountLineCodeDecl', 'CountLineCodeExe', 'CountLineComment', 'CountSemicolon', 'CountStmt', 'CountStmtDecl', 'CountStmtExe', 'SumCyclomatic']
    SumCyclomaticStrict, correlated to: ['CountDeclClass', 'CountDeclClassMethod', 'CountDeclClassVariable', 'CountDeclFunction', 'CountDeclInstanceMethod', 'CountDeclInstanceVariable', 'CountDeclMethod', 'CountDeclMethodPrivate', 'CountDeclMethodProtected', 'CountDeclMethodPublic', 'CountLine', 'CountLineBlank', 'CountLineCode', 'CountLineCodeDecl', 'CountLineCodeExe', 'CountLineComment', 'CountSemicolon', 'CountStmt', 'CountStmtDecl', 'CountStmtExe', 'SumCyclomatic', 'SumCyclomaticModified']
    SumEssential, correlated to: ['CountDeclClass', 'CountDeclClassMethod', 'CountDeclClassVariable', 'CountDeclFunction', 'CountDeclInstanceMethod', 'CountDeclInstanceVariable', 'CountDeclMethod', 'CountDeclMethodPrivate', 'CountDeclMethodProtected', 'CountDeclMethodPublic', 'CountLine', 'CountLineBlank', 'CountLineCode', 'CountLineCodeDecl', 'CountLineCodeExe', 'CountLineComment', 'CountSemicolon', 'CountStmt', 'CountStmtDecl', 'CountStmtExe', 'SumCyclomatic', 'SumCyclomaticModified', 'SumCyclomaticStrict']
    CountOutputMean, correlated to: ['AvgCountLine', 'AvgCountLineCode']

Remove outliers:
    Initial number of rows in the filtered_dataset: 5024
    Initial number of .java files with bug in the filtered_dataset: 48
    IQR_method n argument: 20
    Total number of outliers is: 0
    Final number of rows in the filtered_dataset: 5024
    Final number of .java files with bug in the filtered_dataset: 48

Drop same value columns after outliers removal
Initial columns: 22
Remaining columns (22):
    AvgCountLine
    AvgCountLineComment
    AvgEssential
    CountClassBase
    CountClassCoupled
    CountClassDerived
    CountDeclClass
    MaxCyclomatic
    MaxInheritanceTree
    PercentLackOfCohesion
    RatioCommentToCode
    CountInputMin
    CountInputMean
    CountInputMax
    CountOutputMin
    CountOutputMax
    CountPathMin
    CountPathMean-divided-by-100,000
    CountPathMax-divided-by-1,000,000
    MaxNestingMin
    MaxNestingMean
    MaxNestingMax
Dropped same value columns (0):

Variables range:
    AvgCountLine: 0.0 - 355.0
    AvgCountLineComment: 0.0 - 38.0
    AvgEssential: 0.0 - 13.0
    CountClassBase: 0.0 - 5.0
    CountClassCoupled: 0.0 - 144.0
    CountClassDerived: 0.0 - 35.0
    CountDeclClass: 1.0 - 2457.0
    MaxCyclomatic: 0.0 - 145.0
    MaxInheritanceTree: 0.0 - 8.0
    PercentLackOfCohesion: 0.0 - 100.0
    RatioCommentToCode: 0.0 - 9.7
    CountInputMin: 0.0 - 35.0
    CountInputMean: 0.0 - 56.5
    CountInputMax: 0.0 - 413.0
    CountOutputMin: 0.0 - 72.0
    CountOutputMax: 0.0 - 189.0
    CountPathMin: 0.0 - 464.0
    CountPathMean-divided-by-100,000: 0.0 - 500.0
    CountPathMax-divided-by-1,000,000: 0.0 - 1000.0
    MaxNestingMin: 0.0 - 6.0
    MaxNestingMean: 0.0 - 6.0
    MaxNestingMax: 0.0 - 11.0

logistic_regression_clf best params: {'C': 1.0, 'class_weight': None, 'dual': False, 'fit_intercept': True, 'intercept_scaling': 1, 'l1_ratio': None, 'max_iter': 100, 'multi_class': 'deprecated', 'n_jobs': None, 'penalty': None, 'random_state': None, 'solver': 'lbfgs', 'tol': 0.0001, 'verbose': 0, 'warm_start': False}
logistic_regression_clf coefficients: [-0.0347909   0.19178019 -0.42554965 -0.6540742   0.04428402 -0.21412631
  0.00565188  0.04745015 -1.19924737 -0.0115249  -1.08403826 -0.2269628
 -0.17221492  0.00405872  0.04043233  0.0100486  -0.25720563  0.01745209
 -0.00206321  0.08518634  0.04373574 -0.00919817]
logistic_regression_clf intercept_: -0.8786237197205079
Logistic Regression Cross Validation Precision scores are: [0. 0. 1. 0. 0. 1. 1. 0. 0. 0.]
Logistic Regression Average Cross Validation Precision score: 0.3
Logistic Regression Cross Validation Precision standard deviation: 0.48304589153964794
Logistic Regression Cross Validation Recall scores are: [0.         0.         0.16666667 0.         0.         0.16666667
 0.33333333 0.         0.         0.        ]
Logistic Regression Average Cross Validation Recall score: 0.06666666666666667
Logistic Regression Cross Validation Recall standard deviation: 0.11653431646335016
Logistic Regression classifier performance:
precision: [0.99069767 0.        ]
recall: [0.99799197 0.        ]
fscore: [0.99433144 0.        ]
support: [1494   14]

Logistic Regression classifier performance:
precision: 0.0
recall: 0.0
fscore: 0.0
support: None

Logistic Regression AUC: 0.798097150506789

10 most relevant features from SelectKBest with mutual_info_classif
    AvgCountLineComment
    AvgEssential
    CountClassCoupled
    CountClassDerived
    MaxCyclomatic
    MaxInheritanceTree
    CountInputMean
    CountOutputMax
    CountPathMean-divided-by-100,000
    MaxNestingMax
Alternative nomogram summary
                           Logit Regression Results                           
==============================================================================
Dep. Variable:                   Bugs   No. Observations:                 3516
Model:                          Logit   Df Residuals:                     3493
Method:                           MLE   Df Model:                           22
Date:                Mon, 02 Dec 2024   Pseudo R-squ.:                  0.1830
Time:                        22:22:03   Log-Likelihood:                -156.49
converged:                       True   LL-Null:                       -191.55
Covariance Type:            nonrobust   LLR p-value:                 6.331e-07
=====================================================================================================
                                        coef    std err          z      P>|z|      [0.025      0.975]
-----------------------------------------------------------------------------------------------------
const                                -4.0892      0.913     -4.477      0.000      -5.880      -2.299
AvgCountLine                         -0.0139      0.021     -0.665      0.506      -0.055       0.027
AvgCountLineComment                   0.1180      0.071      1.657      0.097      -0.022       0.257
AvgEssential                         -0.1284      0.261     -0.492      0.623      -0.640       0.383
CountClassBase                        0.1210      0.378      0.320      0.749      -0.619       0.861
CountClassCoupled                     0.0441      0.011      3.953      0.000       0.022       0.066
CountClassDerived                    -0.2880      0.512     -0.562      0.574      -1.292       0.716
CountDeclClass                        0.0069      0.010      0.694      0.488      -0.013       0.026
MaxCyclomatic                         0.0369      0.017      2.137      0.033       0.003       0.071
MaxInheritanceTree                   -0.8042      0.376     -2.140      0.032      -1.541      -0.068
PercentLackOfCohesion                -0.0093      0.008     -1.215      0.224      -0.024       0.006
RatioCommentToCode                   -0.1319      0.253     -0.521      0.602      -0.628       0.364
CountInputMin                        -0.2330      0.213     -1.093      0.274      -0.651       0.185
CountInputMean                       -0.0058      0.097     -0.060      0.953      -0.197       0.185
CountInputMax                         0.0023      0.006      0.384      0.701      -0.009       0.014
CountOutputMin                        0.0274      0.079      0.347      0.729      -0.127       0.182
CountOutputMax                        0.0071      0.011      0.641      0.522      -0.015       0.029
CountPathMin                         -0.1098      0.308     -0.356      0.722      -0.714       0.494
CountPathMean-divided-by-100,000      0.0172      0.009      1.905      0.057      -0.000       0.035
CountPathMax-divided-by-1,000,000    -0.0021      0.002     -0.864      0.388      -0.007       0.003
MaxNestingMin                         0.8017      0.794      1.010      0.312      -0.754       2.357
MaxNestingMean                       -0.5111      0.590     -0.866      0.387      -1.668       0.646
MaxNestingMax                         0.1060      0.168      0.632      0.528      -0.223       0.435
=====================================================================================================

random_forest_clf best params: {'bootstrap': True, 'ccp_alpha': 0.0, 'class_weight': None, 'criterion': 'gini', 'max_depth': 2, 'max_features': 'sqrt', 'max_leaf_nodes': None, 'max_samples': None, 'min_impurity_decrease': 0.0, 'min_samples_leaf': 1, 'min_samples_split': 2, 'min_weight_fraction_leaf': 0.0, 'monotonic_cst': None, 'n_estimators': 100, 'n_jobs': None, 'oob_score': False, 'random_state': 0, 'verbose': 0, 'warm_start': False}
Random Forest Cross Validation Precision scores are: [0. 0. 0. 0. 0. 0. 0. 0. 0. 0.]
Random Forest Average Cross Validation Precision score: 0.0
Random Forest Cross Validation Precision standard deviation: 0.0
Random Forest Cross Validation Recall scores are: [0. 0. 0. 0. 0. 0. 0. 0. 0. 0.]
Random Forest Average Cross Validation Recall score: 0.0
Random Forest Cross Validation Recall standard deviation: 0.0
Random Forest classifier performance:
precision: [0.99071618 0.        ]
recall: [1. 0.]
fscore: [0.99533644 0.        ]
support: [1494   14]

Random Forest classifier performance:
precision: 0.0
recall: 0.0
fscore: 0.0
support: None

Random Forest AUC: 0.7696978389749475

